2020-05-20 21:46:08 INFO  eventsLogger: User: System. The system connected to the accounting system
2020-05-20 21:46:08 INFO  eventsLogger: User: System. Admin user created.
2020-05-20 21:46:08 INFO  eventsLogger: User: admin. New SYSTEM_ADMIN Created.
2020-05-22 17:58:12 INFO  eventsLogger: User: System. Admin user created.
2020-05-22 17:58:14 INFO  eventsLogger: User: a. New SYSTEM_ADMIN Created.
2020-05-22 18:33:44 INFO  eventsLogger: User: System. Admin user created.
2020-05-22 18:33:46 INFO  eventsLogger: User: a. New SYSTEM_ADMIN Created.
2020-05-22 18:40:57 INFO  eventsLogger: User: System. Admin user created.
2020-05-22 18:40:59 INFO  eventsLogger: User: b. New SYSTEM_ADMIN Created.
2020-05-22 18:42:01 INFO  eventsLogger: User: System. Admin user created.
2020-05-22 18:42:03 INFO  eventsLogger: User: dsa. New SYSTEM_ADMIN Created.
2020-05-23 12:48:35 INFO  eventsLogger: User: System. The system connected to the accounting system
2020-05-23 12:49:49 INFO  eventsLogger: User: System. Admin user created.
2020-05-23 12:49:51 INFO  eventsLogger: User: a. New SYSTEM_ADMIN Created.
2020-05-23 19:15:46 INFO  eventsLogger: User: System. Admin user created.
2020-05-23 19:15:48 INFO  eventsLogger: User: b. New SYSTEM_ADMIN Created.
2020-05-24 12:33:10 INFO  eventsLogger: User: AviCo. New PLAYER Created.
2020-05-24 12:33:16 INFO  eventsLogger: User: AviCo. New PLAYER Created.
2020-05-24 12:33:18 INFO  eventsLogger: User: BenCohen12456. New TEAM_OWNER Created.
2020-05-24 12:33:24 INFO  eventsLogger: User: AviCo. New PLAYER Created.
2020-05-24 12:33:32 INFO  eventsLogger: User: AviCo. New PLAYER Created.
2020-05-24 12:33:36 INFO  eventsLogger: User: AviCo. New PLAYER Created.
2020-05-24 12:33:38 INFO  eventsLogger: User: AviL12. New PLAYER Created.
2020-05-24 12:33:48 INFO  eventsLogger: User: AviCo. New PLAYER Created.
2020-05-24 12:33:51 INFO  eventsLogger: User: BeniCoo. New REFEREE Created.
2020-05-24 12:33:58 INFO  eventsLogger: User: AviCo. New PLAYER Created.
2020-05-24 12:34:00 INFO  eventsLogger: User: BenCohen0. New COACH Created.
2020-05-24 12:34:07 INFO  eventsLogger: User: AviCo. New PLAYER Created.
2020-05-24 12:34:09 INFO  eventsLogger: User: AviL1. New TEAM_OWNER Created.
2020-05-24 12:34:11 INFO  eventsLogger: User: RamCo3456. New TEAM_MANAGER Created.
2020-05-24 12:34:20 INFO  eventsLogger: User: AviCo. New PLAYER Created.
2020-05-24 12:37:16 INFO  eventsLogger: User: AviCo. New PLAYER Created.
2020-05-24 12:38:53 INFO  eventsLogger: User: AviCo. New PLAYER Created.
2020-05-24 12:38:59 INFO  eventsLogger: User: AviCo. New PLAYER Created.
2020-05-24 12:39:01 INFO  eventsLogger: User: BenCohen12456. New TEAM_OWNER Created.
2020-05-24 12:39:08 INFO  eventsLogger: User: AviCo. New PLAYER Created.
2020-05-24 12:39:15 INFO  eventsLogger: User: AviCo. New PLAYER Created.
2020-05-24 12:39:20 INFO  eventsLogger: User: AviCo. New PLAYER Created.
2020-05-24 12:39:22 INFO  eventsLogger: User: AviL12. New PLAYER Created.
2020-05-24 12:39:32 INFO  eventsLogger: User: AviCo. New PLAYER Created.
2020-05-24 12:39:34 INFO  eventsLogger: User: BeniCoo. New REFEREE Created.
2020-05-24 12:39:41 INFO  eventsLogger: User: AviCo. New PLAYER Created.
2020-05-24 12:39:43 INFO  eventsLogger: User: BenCohen0. New COACH Created.
2020-05-24 12:39:50 INFO  eventsLogger: User: AviCo. New PLAYER Created.
2020-05-24 12:39:52 INFO  eventsLogger: User: AviL1. New TEAM_OWNER Created.
2020-05-24 12:39:54 INFO  eventsLogger: User: RamCo3456. New TEAM_MANAGER Created.
2020-05-24 12:40:02 INFO  eventsLogger: User: AviCo. New PLAYER Created.
2020-05-25 00:03:24 INFO  eventsLogger: User: System. The system connected to the accounting system
2020-05-25 00:03:34 INFO  eventsLogger: User: System. Admin user created.
2020-05-25 00:03:36 INFO  eventsLogger: User: a. New SYSTEM_ADMIN Created.
2020-05-25 17:37:01 INFO  eventsLogger: User: System. Admin user created.
2020-05-25 17:37:01 INFO  eventsLogger: User: a. New SYSTEM_ADMIN Created.
2020-05-25 17:40:18 INFO  eventsLogger: User: System. Admin user created.
2020-05-25 17:40:18 INFO  eventsLogger: User: b. New SYSTEM_ADMIN Created.
2020-05-25 17:55:25 INFO  eventsLogger: User: System. Admin user created.
2020-05-25 17:55:25 INFO  eventsLogger: User: c. New SYSTEM_ADMIN Created.
2020-05-25 17:56:50 INFO  eventsLogger: User: System. Admin user created.
2020-05-25 17:56:51 INFO  eventsLogger: User: d. New SYSTEM_ADMIN Created.
